============================= test session starts =============================
platform win32 -- Python 3.13.0, pytest-9.1.1, pluggy-1.6.0 -- C:\Fuentes\ai-orchestrator\.venv\Scripts\python.exe
cachedir: .pytest_cache
rootdir: C:\Fuentes\ai-orchestrator
configfile: pyproject.toml
plugins: anyio-4.14.0
collecting ... collected 170 items

tests/test_agents.py::test_list_agents_empty_when_no_file PASSED         [  0%]
tests/test_agents.py::test_upsert_and_get_agent PASSED                   [  1%]
tests/test_agents.py::test_upsert_agent_invalid_provider_raises PASSED   [  1%]
tests/test_agents.py::test_upsert_agent_overwrites_existing PASSED       [  2%]
tests/test_agents.py::test_delete_agent PASSED                           [  2%]
tests/test_agents.py::test_get_agent_not_found_returns_none PASSED       [  3%]
tests/test_agents.py::test_agent_without_provider_or_model_is_valid PASSED [  4%]
tests/test_agents.py::test_list_agents_sorted_by_name PASSED             [  4%]
tests/test_agents.py::test_corrupt_yaml_does_not_crash_list_agents PASSED [  5%]
tests/test_agents.py::test_yaml_with_unexpected_top_level_shape_does_not_crash PASSED [  5%]
tests/test_agents.py::test_unknown_key_in_one_entry_does_not_break_listing_all_agents PASSED [  6%]
tests/test_background.py::test_background_worker_sets_policy_inside_thread PASSED [  7%]
tests/test_background.py::test_parent_thread_policy_does_not_silently_leak_to_worker PASSED [  7%]
tests/test_background.py::test_missing_context_yaml_uses_internal_default_and_does_not_block PASSED [  8%]
tests/test_background.py::test_worker_resets_policy_between_runs PASSED  [  8%]
tests/test_background.py::test_worker_uses_provided_ctx_without_reloading PASSED [  9%]
tests/test_background.py::test_corrupt_context_fails_closed_instead_of_using_default PASSED [ 10%]
tests/test_background.py::test_egress_blocked_at_call_is_not_retried PASSED [ 10%]
tests/test_background.py::test_egress_blocked_during_iteration_is_not_retried PASSED [ 11%]
tests/test_background.py::test_transient_error_is_still_retried PASSED   [ 11%]
tests/test_catalog.py::test_config_pricing_override_wins_over_everything PASSED [ 12%]
tests/test_catalog.py::test_valid_cache_wins_over_static_catalog PASSED  [ 12%]
tests/test_catalog.py::test_expired_cache_falls_back_to_static_catalog PASSED [ 13%]
tests/test_catalog.py::test_refresh_fetches_remote_and_writes_cache PASSED [ 14%]
tests/test_catalog.py::test_refresh_remote_failure_falls_back_without_raising PASSED [ 14%]
tests/test_catalog.py::test_remote_not_fetched_without_allow_remote PASSED [ 15%]
tests/test_catalog.py::test_no_cache_no_static_falls_back_to_default_pricing PASSED [ 15%]
tests/test_catalog.py::test_get_model_price_known_and_unknown PASSED     [ 16%]
tests/test_catalog.py::test_list_catalog_models_from_static_catalog PASSED [ 17%]
tests/test_catalog.py::test_list_catalog_models_filters_by_provider PASSED [ 17%]
tests/test_catalog.py::test_resolve_pricing_reports_source_metadata PASSED [ 18%]
tests/test_catalog.py::test_list_used_models_without_price PASSED        [ 18%]
tests/test_catalog.py::test_get_model_profiles_only_includes_models_with_purpose PASSED [ 19%]
tests/test_catalog.py::test_get_model_profiles_excludes_deprecated_by_default PASSED [ 20%]
tests/test_catalog.py::test_get_model_profiles_flags_models_without_price PASSED [ 20%]
tests/test_catalog.py::test_get_model_profiles_maps_canonical_provider_to_short_name PASSED [ 21%]
tests/test_catalog.py::test_calculate_cost_still_works_via_get_pricing_table PASSED [ 21%]
tests/test_catalog.py::test_validate_model_for_provider_known_active_model PASSED [ 22%]
tests/test_catalog.py::test_validate_model_for_provider_deprecated_model PASSED [ 22%]
tests/test_catalog.py::test_validate_model_for_provider_wrong_provider PASSED [ 23%]
tests/test_catalog.py::test_validate_model_for_provider_unknown_model PASSED [ 24%]
tests/test_catalog.py::test_validate_model_for_provider_unknown_provider PASSED [ 24%]
tests/test_catalog.py::test_validate_model_for_provider_gemini_uses_google_canonical PASSED [ 25%]
tests/test_cli.py::test_cli_run_sets_project_egress_policy PASSED        [ 25%]
tests/test_cli.py::test_cli_run_resets_project_policy_when_execution_fails PASSED [ 26%]
tests/test_dashboard.py::DashboardTest::test_classifies_purpose PASSED   [ 27%]
tests/test_dashboard.py::DashboardTest::test_escapes_run_fields PASSED   [ 27%]
tests/test_dashboard.py::DashboardTest::test_formats_numeric_strings_and_invalid_values PASSED [ 28%]
tests/test_dashboard.py::DashboardTest::test_renders_empty_and_malformed_runs PASSED [ 28%]
tests/test_egress.py::test_no_policy_blocks_provider_complete PASSED     [ 29%]
tests/test_egress.py::test_restricted_project_blocks_public_provider PASSED [ 30%]
tests/test_egress.py::test_blocked_provider_overrides_clearance PASSED   [ 30%]
tests/test_egress.py::test_allowed_providers_restricts_even_with_clearance PASSED [ 31%]
tests/test_egress.py::test_unknown_project_sensitivity_fails_closed PASSED [ 31%]
tests/test_egress.py::test_unknown_provider_clearance_fails_closed PASSED [ 32%]
tests/test_egress.py::test_policy_reset_restores_previous_policy PASSED  [ 32%]
tests/test_egress.py::test_policy_does_not_leak_between_operations PASSED [ 33%]
tests/test_egress.py::test_complete_invokes_check_before__complete PASSED [ 34%]
tests/test_egress.py::test_complete_stream_check_is_eager_not_deferred PASSED [ 34%]
tests/test_egress.py::test_streaming_http_not_reached_when_blocked PASSED [ 35%]
tests/test_egress.py::test_policy_for_restricted_project_uses_provider_clearances PASSED [ 35%]
tests/test_egress.py::test_secret_in_prompt_escalates_to_secret_and_blocks PASSED [ 36%]
tests/test_egress.py::test_secret_in_system_escalates_before_streaming PASSED [ 37%]
tests/test_egress.py::test_unrecognized_generic_api_key_does_not_escalate PASSED [ 37%]
tests/test_egress.py::test_egress_error_message_never_contains_payload PASSED [ 38%]
tests/test_egress.py::test_secret_escalation_does_not_mutate_active_policy PASSED [ 38%]
tests/test_egress.py::test_egress_log_does_not_store_payload PASSED      [ 39%]
tests/test_egress.py::test_blocked_decision_is_logged PASSED             [ 40%]
tests/test_egress.py::test_allowed_decision_is_logged PASSED             [ 40%]
tests/test_egress.py::test_can_send_does_not_log PASSED                  [ 41%]
tests/test_egress.py::test_secret_detection_logs_secret_pattern_reason_code PASSED [ 41%]
tests/test_eval.py::test_offline_eval_never_calls_network PASSED         [ 42%]
tests/test_eval.py::test_offline_eval_computes_agreement_and_coverage_together PASSED [ 42%]
tests/test_eval.py::test_offline_eval_sets_policy_per_project PASSED     [ 43%]
tests/test_eval.py::test_offline_eval_skips_runs_with_missing_project PASSED [ 44%]
tests/test_eval.py::test_offline_eval_falls_back_when_routing_source_column_missing PASSED [ 44%]
tests/test_integration.py::test_db_lifecycle PASSED                      [ 45%]
tests/test_integration.py::test_cost_calculation PASSED                  [ 45%]
tests/test_integration.py::test_cost_calculation_direct_tokens PASSED    [ 46%]
tests/test_integration.py::test_context_and_steps PASSED                 [ 47%]
tests/test_integration.py::test_mcp_tool_handlers PASSED                 [ 47%]
tests/test_integration.py::test_update_context_and_step PASSED           [ 48%]
tests/test_integration.py::test_mcp_result_supports_modern_and_legacy_clients PASSED [ 48%]
tests/test_integration.py::test_step_id_propagation PASSED               [ 49%]
tests/test_integration.py::test_tool_calls_and_alignments_readable PASSED [ 50%]
tests/test_integration.py::test_rag_chunk_text PASSED                    [ 50%]
tests/test_integration.py::test_rag_chunk_text_rejects_invalid_configuration PASSED [ 51%]
tests/test_integration.py::test_rag_index_and_retrieve PASSED            [ 51%]
tests/test_integration.py::test_similarity_backend PASSED                [ 52%]
tests/test_integration.py::test_secret_filter PASSED                     [ 52%]
tests/test_mcp.py::test_add_step_persists_agent_preset PASSED            [ 53%]
tests/test_mcp.py::test_update_step_sets_agent_preset PASSED             [ 54%]
tests/test_mcp.py::test_update_step_clears_agent_preset_with_empty_string PASSED [ 54%]
tests/test_mcp.py::test_create_context_propagates_agent_preset_per_step PASSED [ 55%]
tests/test_mcp.py::test_list_agents_tool_reflects_registry PASSED        [ 55%]
tests/test_mcp.py::test_list_agents_tool_empty_registry PASSED           [ 56%]
tests/test_model_discovery.py::test_anthropic_adapter_normalizes_models PASSED [ 57%]
tests/test_model_discovery.py::test_openai_adapter_normalizes_models PASSED [ 57%]
tests/test_model_discovery.py::test_deepseek_adapter_normalizes_models PASSED [ 58%]
tests/test_model_discovery.py::test_gemini_adapter_normalizes_models PASSED [ 58%]
tests/test_model_discovery.py::test_list_provider_models_unknown_provider_raises PASSED [ 59%]
tests/test_model_discovery.py::test_list_provider_models_missing_api_key_raises PASSED [ 60%]
tests/test_model_discovery.py::test_refresh_available_models_is_best_effort PASSED [ 60%]
tests/test_model_discovery.py::test_get_cached_models_reads_from_cache PASSED [ 61%]
tests/test_model_discovery.py::test_compare_available_vs_priced PASSED   [ 61%]
tests/test_providers.py::test_provider_cannot_override_complete PASSED   [ 62%]
tests/test_providers.py::test_provider_cannot_override_complete_stream PASSED [ 62%]
tests/test_providers.py::test_claude_provider_parses_response PASSED     [ 63%]
tests/test_providers.py::test_claude_provider_raises_on_http_error PASSED [ 64%]
tests/test_providers.py::test_deepseek_provider_parses_response PASSED   [ 64%]
tests/test_providers.py::test_openai_provider_parses_response PASSED     [ 65%]
tests/test_providers.py::test_provider_sends_system_prompt PASSED        [ 65%]
tests/test_providers.py::test_secret_filter_aws PASSED                   [ 66%]
tests/test_providers.py::test_secret_filter_github_pat PASSED            [ 67%]
tests/test_providers.py::test_secret_filter_jwt PASSED                   [ 67%]
tests/test_providers.py::test_secret_filter_gcp_service_account PASSED   [ 68%]
tests/test_providers.py::test_secret_filter_existing_patterns_still_work PASSED [ 68%]
tests/test_router.py::test_local_router_is_deterministic PASSED          [ 69%]
tests/test_router.py::test_local_router_respects_keyword_signals PASSED  [ 70%]
tests/test_router.py::test_local_router_falls_back_to_project_default PASSED [ 70%]
tests/test_router.py::test_local_router_falls_back_to_cheapest_permitted PASSED [ 71%]
tests/test_router.py::test_local_router_never_returns_blocked_provider PASSED [ 71%]
tests/test_router.py::test_no_provider_available_raises_egress_blocked PASSED [ 72%]
tests/test_router.py::test_external_router_allowed_when_clearance_sufficient PASSED [ 72%]
tests/test_router.py::test_external_router_blocked_uses_local_router_not_fixed_fallback PASSED [ 73%]
tests/test_router.py::test_external_router_blocked_does_not_build_full_context_prompt PASSED [ 74%]
tests/test_router.py::test_external_router_blocked_does_not_fetch_similar_runs PASSED [ 74%]
tests/test_router.py::test_no_fixed_claude_fallback_when_router_blocked PASSED [ 75%]
tests/test_router.py::test_blocked_fallback_provider_does_not_abort_when_other_provider_permitted PASSED [ 75%]
tests/test_router.py::test_local_router_preserves_agent_metadata PASSED  [ 76%]
tests/test_router.py::test_external_router_egress_blocked_uses_local_router PASSED [ 77%]
tests/test_router.py::test_fetch_similar_runs_filters_by_project PASSED  [ 77%]
tests/test_router.py::test_router_prompt_excludes_other_projects PASSED  [ 78%]
tests/test_router.py::test_fetch_similar_runs_overqueries_before_filtering PASSED [ 78%]
tests/test_router.py::test_keyword_signals_match_and_no_match PASSED     [ 79%]
tests/test_router.py::test_decide_provider_uses_model_response PASSED    [ 80%]
tests/test_router.py::test_decide_provider_fallback_on_exception PASSED  [ 80%]
tests/test_router.py::test_format_profiles_section_empty PASSED          [ 81%]
tests/test_router.py::test_format_profiles_section_includes_flags PASSED [ 81%]
tests/test_router.py::test_decide_provider_includes_catalog_profiles_in_prompt PASSED [ 82%]
tests/test_router.py::test_decide_provider_step_agent_preset_sets_model_and_prompt_addition PASSED [ 82%]
tests/test_router.py::test_decide_provider_step_agent_preset_without_step_provider_sets_provider PASSED [ 83%]
tests/test_router.py::test_decide_provider_agent_without_provider_still_applies_prompt_addition_via_llm_router PASSED [ 84%]
tests/test_router.py::test_decide_provider_mismatched_agent_provider_does_not_leak_model PASSED [ 84%]
tests/test_router.py::test_decide_provider_llm_fallthrough_applies_compatible_agent_model PASSED [ 85%]
tests/test_router.py::test_decide_provider_unknown_agent_preset_falls_back_to_router PASSED [ 85%]
tests/test_router.py::test_decide_provider_step_without_agent_preset_key_unaffected PASSED [ 86%]
tests/test_router.py::test_decide_provider_active_step_overrides_router PASSED [ 87%]
tests/test_router.py::test_decide_provider_falls_back_when_chosen_provider_has_no_api_key PASSED [ 87%]
tests/test_router.py::test_force_provider_sets_forced_cli_routing_source PASSED [ 88%]
tests/test_router.py::test_decide_provider_falls_back_when_chosen_provider_has_empty_api_key PASSED [ 88%]
tests/test_router.py::test_decide_provider_strips_deprecated_model PASSED [ 89%]
tests/test_router.py::test_decide_provider_strips_model_not_in_catalog PASSED [ 90%]
tests/test_router.py::test_decide_provider_keeps_valid_model_from_catalog PASSED [ 90%]
tests/test_server_and_rag.py::test_scan_files_skips_single_part_dir PASSED [ 91%]
tests/test_server_and_rag.py::test_scan_files_skips_multipart_builtin_paths PASSED [ 91%]
tests/test_server_and_rag.py::test_scan_files_extra_skip_multipart PASSED [ 92%]
tests/test_server_and_rag.py::test_scan_files_code_extensions_expanded PASSED [ 92%]
tests/test_server_and_rag.py::test_server_post_requires_json_ct PASSED   [ 93%]
tests/test_server_and_rag.py::test_pricing_endpoints PASSED              [ 94%]
tests/test_server_and_rag.py::test_models_endpoints PASSED               [ 94%]
tests/test_server_and_rag.py::test_agents_endpoint PASSED                [ 95%]
tests/test_server_and_rag.py::test_router_cost_persisted PASSED          [ 95%]
tests/test_validate_pricing_catalog.py::test_real_catalog_validates_clean PASSED [ 96%]
tests/test_validate_pricing_catalog.py::test_real_catalog_has_no_default_pricing_gaps PASSED [ 97%]
tests/test_validate_pricing_catalog.py::test_validate_schema_reports_missing_required_field PASSED [ 97%]
tests/test_validate_pricing_catalog.py::test_find_stale_models_detects_old_verified_at PASSED [ 98%]
tests/test_validate_pricing_catalog.py::test_main_exit_code_1_on_schema_error PASSED [ 98%]
tests/test_validate_pricing_catalog.py::test_main_exit_code_0_when_clean PASSED [ 99%]
tests/test_validate_pricing_catalog.py::test_main_exit_code_2_when_report_finds_gap PASSED [100%]

============================= 170 passed in 6.58s =============================
